<?xml version="1.0" encoding="UTF-8" ?>
<testsuites>
 <testsuite name="Create game command" timestamp="2016-12-16T15:15:10" hostname="localhost" time="0.005" errors="0" tests="1" skipped="0" disabled="0" failures="0">
  <testcase classname="Create game command" name="should emit game created event" time="0.005" />
 </testsuite>
</testsuites>