<?xml version="1.0" encoding="UTF-8" ?>
<testsuites>
 <testsuite name="Join game command" timestamp="2016-12-16T15:19:18" hostname="localhost" time="0.004" errors="0" tests="2" skipped="0" disabled="0" failures="0">
  <testcase classname="Join game command" name="should emit game joined event" time="0.003" />
  <testcase classname="Join game command" name="should emit FullGameJoinAttempted event when game full" time="0.001" />
 </testsuite>
</testsuites>